#
# A fatal error has been detected by the Java Runtime Environment:
#
#  SIGSEGV (0xb) at pc=0x00007ff01108976e, pid=4401, tid=140669143443200
#
# JRE version: 6.0_26-b03
# Java VM: Java HotSpot(TM) 64-Bit Server VM (20.1-b02 mixed mode linux-amd64 compressed oops)
# Problematic frame:
# C  [libvlc.so+0xe76e]  long+0xe
#
# If you would like to submit a bug report, please visit:
#   http://java.sun.com/webapps/bugreport/crash.jsp
# The crash happened outside the Java Virtual Machine in native code.
# See problematic frame for where to report the bug.
#

---------------  T H R E A D  ---------------

Current thread (0x0000000041a3d800):  JavaThread "main" [_thread_in_native, id=4403, stack(0x00007ff016436000,0x00007ff016537000)]

siginfo:si_signo=SIGSEGV: si_errno=0, si_code=1 (SEGV_MAPERR), si_addr=0x0000000000000000

Registers:
RAX=0x0000000000000000, RBX=0x00007ff016534b08, RCX=0x00007ff016f58100, RDX=0x00007ff000000000
RSP=0x00007ff016534970, RBP=0x0000000000000000, RSI=0x00000000000000b0, RDI=0x0000000000000000
R8 =0x0000000000000000, R9 =0x00007ff00c000cc8, R10=0x00007ff0165348e0, R11=0x00007ff011089760
R12=0x0000000000000001, R13=0x0000000000000000, R14=0x0000000000000001, R15=0x00007ff016534c00
RIP=0x00007ff01108976e, EFLAGS=0x0000000000010202, CSGSFS=0x0000000000000033, ERR=0x0000000000000004
  TRAPNO=0x000000000000000e

Top of Stack: (sp=0x00007ff016534970)
0x00007ff016534970:   00007ff0112c20a0 00007ff016534b08
0x00007ff016534980:   00007ff016534990 00007ff0112d22d0
0x00007ff016534990:   000000000000000e 00007ff016534c80
0x00007ff0165349a0:   00007ff016534a80 00007ff0112d1e3f
0x00007ff0165349b0:   0000000000000000 0000000000000000
0x00007ff0165349c0:   0000000000115438 00007ff016534a30
0x00007ff0165349d0:   00007ff016534a4c 00007ff016534a48
0x00007ff0165349e0:   00007ff0165348e0 00007ff016534a90
0x00007ff0165349f0:   00007ff016534c80 00007ff011089760
0x00007ff016534a00:   00007ff016534990 00007ff016534ab0
0x00007ff016534a10:   0000000116534a30 0000000100000000
0x00007ff016534a20:   0000000100000001 00007ff016534a34
0x00007ff016534a30:   00007ff000000001 00007ff017b59225
0x00007ff016534a40:   0000000000000000 0000000100000000
0x00007ff016534a50:   00007ff016534c80 0000000000000000
0x00007ff016534a60:   00007ff016534b08 00007ff016534a98
0x00007ff016534a70:   00007ff016534ab8 0000000000000001
0x00007ff016534a80:   00007ff016534c70 00007ff0112c86bc
0x00007ff016534a90:   00007ff016534b00 0000000041000000
0x00007ff016534aa0:   00007ff016534a50 00007ff012b074e0
0x00007ff016534ab0:   00007ff0112d4510 00007ff012b07504
0x00007ff016534ac0:   00007ff012b078e0 0000000000000000
0x00007ff016534ad0:   0000000000000000 0000000000000000
0x00007ff016534ae0:   00007ff012b074e0 0000000041010000
0x00007ff016534af0:   0000000041a3d800 0000000000000000
0x00007ff016534b00:   0000000000000000 00007ff016534d38
0x00007ff016534b10:   00007ff016534c70 00007ff0112c84e5
0x00007ff016534b20:   0000000000000000 00007ff016534c00
0x00007ff016534b30:   00007ff016534c80 00007ff0112d4510
0x00007ff016534b40:   00007ff016534d28 0000000000000000
0x00007ff016534b50:   0000000041a3d9d0 00007ff011089760
0x00007ff016534b60:   00007ff016534ad0 00007ff016534ab0 

Instructions: (pc=0x00007ff01108976e)
0x00007ff01108974e:   eb ce e9 fb 7e ff ff 66 66 2e 0f 1f 84 00 00 00
0x00007ff01108975e:   00 00 55 48 89 fd be b0 00 00 00 53 48 83 ec 08
0x00007ff01108976e:   48 8b 3f e8 ba 7d ff ff 48 85 c0 48 89 c3 0f 84
0x00007ff01108977e:   f5 05 00 00 48 8b 70 18 48 89 c7 e8 52 78 ff ff 

Register to memory mapping:

RAX=0x0000000000000000 is an unknown value
RBX=0x00007ff016534b08 is pointing into the stack for thread: 0x0000000041a3d800
RCX=0x00007ff016f58100: <offset 0x79f100> in /opt/java/jre/lib/amd64/server/libjvm.so at 0x00007ff0167b9000
RDX=0x00007ff000000000 is an unknown value
RSP=0x00007ff016534970 is pointing into the stack for thread: 0x0000000041a3d800
RBP=0x0000000000000000 is an unknown value
RSI=0x00000000000000b0 is an unknown value
RDI=0x0000000000000000 is an unknown value
R8 =0x0000000000000000 is an unknown value
R9 =0x00007ff00c000cc8 is an unknown value
R10=0x00007ff0165348e0 is pointing into the stack for thread: 0x0000000041a3d800
R11=0x00007ff011089760: libvlc_media_player_new+0 in /usr/lib/libvlc.so at 0x00007ff01107b000
R12=0x0000000000000001 is an unknown value
R13=0x0000000000000000 is an unknown value
R14=0x0000000000000001 is an unknown value
R15=0x00007ff016534c00 is pointing into the stack for thread: 0x0000000041a3d800


Stack: [0x00007ff016436000,0x00007ff016537000],  sp=0x00007ff016534970,  free space=1018k
Native frames: (J=compiled Java code, j=interpreted, Vv=VM code, C=native code)
C  [libvlc.so+0xe76e]  long+0xe

[error occurred during error reporting (printing native stack), id 0xb]

Java frames: (J=compiled Java code, j=interpreted, Vv=VM code)
j  com.sun.jna.Function.invokePointer(I[Ljava/lang/Object;)Lcom/sun/jna/Pointer;+0
j  com.sun.jna.Function.invoke([Ljava/lang/Object;Ljava/lang/Class;Z)Ljava/lang/Object;+615
j  com.sun.jna.Function.invoke(Ljava/lang/Class;[Ljava/lang/Object;Ljava/util/Map;)Ljava/lang/Object;+214
j  com.sun.jna.Library$Handler.invoke(Ljava/lang/Object;Ljava/lang/reflect/Method;[Ljava/lang/Object;)Ljava/lang/Object;+341
j  com.sun.jna.Native$4.invoke(Ljava/lang/Object;Ljava/lang/reflect/Method;[Ljava/lang/Object;)Ljava/lang/Object;+21
j  $Proxy0.libvlc_media_player_new(Luk/co/caprica/vlcj/binding/internal/libvlc_instance_t;)Luk/co/caprica/vlcj/binding/internal/libvlc_media_player_t;+16
v  ~StubRoutines::call_stub
j  sun.reflect.NativeMethodAccessorImpl.invoke0(Ljava/lang/reflect/Method;Ljava/lang/Object;[Ljava/lang/Object;)Ljava/lang/Object;+0
j  sun.reflect.NativeMethodAccessorImpl.invoke(Ljava/lang/Object;[Ljava/lang/Object;)Ljava/lang/Object;+87
j  sun.reflect.DelegatingMethodAccessorImpl.invoke(Ljava/lang/Object;[Ljava/lang/Object;)Ljava/lang/Object;+6
j  java.lang.reflect.Method.invoke(Ljava/lang/Object;[Ljava/lang/Object;)Ljava/lang/Object;+161
j  uk.co.caprica.vlcj.binding.LoggingProxy.invoke(Ljava/lang/Object;Ljava/lang/reflect/Method;[Ljava/lang/Object;)Ljava/lang/Object;+12
j  $Proxy0.libvlc_media_player_new(Luk/co/caprica/vlcj/binding/internal/libvlc_instance_t;)Luk/co/caprica/vlcj/binding/internal/libvlc_media_player_t;+16
j  uk.co.caprica.vlcj.player.MediaPlayer.createInstance()V+19
j  uk.co.caprica.vlcj.player.MediaPlayer.<init>(Luk/co/caprica/vlcj/binding/internal/libvlc_instance_t;)V+75
j  uk.co.caprica.vlcj.player.headless.HeadlessMediaPlayer.<init>(Luk/co/caprica/vlcj/binding/internal/libvlc_instance_t;)V+2
j  test.VLC.main([Ljava/lang/String;)V+13
v  ~StubRoutines::call_stub

---------------  P R O C E S S  ---------------

Java Threads: ( => current thread )
  0x0000000041ace000 JavaThread "Low Memory Detector" daemon [_thread_blocked, id=4415, stack(0x00007ff011562000,0x00007ff011663000)]
  0x0000000041ac9800 JavaThread "C2 CompilerThread1" daemon [_thread_blocked, id=4414, stack(0x00007ff011663000,0x00007ff011764000)]
  0x0000000041ac6000 JavaThread "C2 CompilerThread0" daemon [_thread_blocked, id=4413, stack(0x00007ff011764000,0x00007ff011865000)]
  0x0000000041ac4000 JavaThread "Signal Dispatcher" daemon [_thread_blocked, id=4412, stack(0x00007ff011865000,0x00007ff011966000)]
  0x0000000041aa7800 JavaThread "Finalizer" daemon [_thread_blocked, id=4411, stack(0x00007ff011b2b000,0x00007ff011c2c000)]
  0x0000000041aa0000 JavaThread "Reference Handler" daemon [_thread_blocked, id=4410, stack(0x00007ff011c2c000,0x00007ff011d2d000)]
=>0x0000000041a3d800 JavaThread "main" [_thread_in_native, id=4403, stack(0x00007ff016436000,0x00007ff016537000)]

Other Threads:
  0x0000000041a99000 VMThread [stack: 0x00007ff011d2d000,0x00007ff011e2e000] [id=4409]
  0x0000000041ad8800 WatcherThread [stack: 0x00007ff011461000,0x00007ff011562000] [id=4416]

VM state:not at safepoint (normal execution)

VM Mutex/Monitor currently owned by a thread: None

Heap
 PSYoungGen      total 18496K, used 3351K [0x00000000eb560000, 0x00000000eca00000, 0x0000000100000000)
  eden space 15872K, 21% used [0x00000000eb560000,0x00000000eb8a5e20,0x00000000ec4e0000)
  from space 2624K, 0% used [0x00000000ec770000,0x00000000ec770000,0x00000000eca00000)
  to   space 2624K, 0% used [0x00000000ec4e0000,0x00000000ec4e0000,0x00000000ec770000)
 PSOldGen        total 42304K, used 0K [0x00000000c2000000, 0x00000000c4950000, 0x00000000eb560000)
  object space 42304K, 0% used [0x00000000c2000000,0x00000000c2000000,0x00000000c4950000)
 PSPermGen       total 21248K, used 4721K [0x00000000bce00000, 0x00000000be2c0000, 0x00000000c2000000)
  object space 21248K, 22% used [0x00000000bce00000,0x00000000bd29c6d8,0x00000000be2c0000)

Code Cache  [0x00007ff012ab7000, 0x00007ff012d27000, 0x00007ff015ab7000)
 total_blobs=211 nmethods=16 adapters=149 free_code_cache=49906368 largest_free_block=11904

Dynamic libraries:
40000000-40009000 r-xp 00000000 08:05 917727                             /opt/java/jre/bin/java
40108000-4010a000 rwxp 00008000 08:05 917727                             /opt/java/jre/bin/java
41a36000-41e04000 rwxp 00000000 00:00 0                                  [heap]
bce00000-be2c0000 rwxp 00000000 00:00 0 
be2c0000-c2000000 rwxp 00000000 00:00 0 
c2000000-c4950000 rwxp 00000000 00:00 0 
c4950000-eb560000 rwxp 00000000 00:00 0 
eb560000-eca00000 rwxp 00000000 00:00 0 
eca00000-100000000 rwxp 00000000 00:00 0 
7ff00c000000-7ff00c063000 rwxp 00000000 00:00 0 
7ff00c063000-7ff010000000 ---p 00000000 00:00 0 
7ff010b4c000-7ff010b8e000 r-xp 00000000 08:05 189212                     /usr/lib/libdbus-1.so.3.5.7
7ff010b8e000-7ff010d8e000 ---p 00042000 08:05 189212                     /usr/lib/libdbus-1.so.3.5.7
7ff010d8e000-7ff010d90000 rwxp 00042000 08:05 189212                     /usr/lib/libdbus-1.so.3.5.7
7ff010d90000-7ff010e73000 r-xp 00000000 08:05 155192                     /usr/lib/libvlccore.so.4.0.3
7ff010e73000-7ff011072000 ---p 000e3000 08:05 155192                     /usr/lib/libvlccore.so.4.0.3
7ff011072000-7ff01107b000 rwxp 000e2000 08:05 155192                     /usr/lib/libvlccore.so.4.0.3
7ff01107b000-7ff011093000 r-xp 00000000 08:05 155193                     /usr/lib/libvlc.so.5.2.1
7ff011093000-7ff011292000 ---p 00018000 08:05 155193                     /usr/lib/libvlc.so.5.2.1
7ff011292000-7ff011293000 rwxp 00017000 08:05 155193                     /usr/lib/libvlc.so.5.2.1
7ff0112c1000-7ff0112d6000 r-xp 00000000 08:05 653005                     /tmp/jna3755481142762670680.tmp
7ff0112d6000-7ff0113d5000 ---p 00015000 08:05 653005                     /tmp/jna3755481142762670680.tmp
7ff0113d5000-7ff0113d7000 rwxp 00014000 08:05 653005                     /tmp/jna3755481142762670680.tmp
7ff0113d7000-7ff0113df000 r--s 000b9000 08:08 35358                      /media/Data/java/mysql-connector-java-5.1.16/mysql-connector-java-5.1.16-bin.jar
7ff0113df000-7ff0113ee000 r--s 0017c000 08:08 16876                      /media/Data/java/itext/itextpdf-5.1.0.jar
7ff0113ee000-7ff0113f7000 r--s 000ba000 08:08 1305                       /media/Data/java/VLCj/platform.jar
7ff0113f7000-7ff0113fb000 r--s 000e4000 08:08 1307                       /media/Data/java/VLCj/jna.jar
7ff0113fb000-7ff011400000 r--s 0001f000 08:08 1232                       /media/Data/java/VLCj/vlcj-1.1.3.jar
7ff011400000-7ff011409000 r--s 0002d000 08:08 16516                      /media/Data/java/xerces-2_11_0/xml-apis.jar
7ff011409000-7ff01144f000 r--s 002ec000 08:08 14865                      /media/Data/java/odf/odfdom-java-0.8.7.jar
7ff01144f000-7ff011451000 r--s 0000a000 08:08 1418                       /media/Data/java/lzma-java-1.0.jar
7ff011451000-7ff011453000 r--s 0000d000 08:08 22036                      /media/Data/java/commons-codec-1.4/commons-codec-1.4.jar
7ff011453000-7ff01145e000 r--s 00124000 08:08 7529                       /media/Data/java/h2-1.3.149.jar
7ff01145e000-7ff011461000 r--s 00024000 08:08 1413                       /media/Data/java/commons-io-2.0.1/commons-io-2.0.1.jar
7ff011461000-7ff011462000 ---p 00000000 00:00 0 
7ff011462000-7ff011562000 rwxp 00000000 00:00 0 
7ff011562000-7ff011565000 ---p 00000000 00:00 0 
7ff011565000-7ff011663000 rwxp 00000000 00:00 0 
7ff011663000-7ff011666000 ---p 00000000 00:00 0 
7ff011666000-7ff011764000 rwxp 00000000 00:00 0 
7ff011764000-7ff011767000 ---p 00000000 00:00 0 
7ff011767000-7ff011865000 rwxp 00000000 00:00 0 
7ff011865000-7ff011868000 ---p 00000000 00:00 0 
7ff011868000-7ff011966000 rwxp 00000000 00:00 0 
7ff011966000-7ff011b2b000 r-xp 00000000 08:05 157490                     /usr/lib/locale/locale-archive
7ff011b2b000-7ff011b2e000 ---p 00000000 00:00 0 
7ff011b2e000-7ff011c2c000 rwxp 00000000 00:00 0 
7ff011c2c000-7ff011c2f000 ---p 00000000 00:00 0 
7ff011c2f000-7ff011d2d000 rwxp 00000000 00:00 0 
7ff011d2d000-7ff011d2e000 ---p 00000000 00:00 0 
7ff011d2e000-7ff012266000 rwxp 00000000 00:00 0 
7ff012266000-7ff0123fe000 r-xs 03029000 08:05 917004                     /opt/java/jre/lib/rt.jar
7ff0123fe000-7ff012426000 rwxp 00000000 00:00 0 
7ff012426000-7ff012427000 ---p 00000000 00:00 0 
7ff012427000-7ff012527000 rwxp 00000000 00:00 0 
7ff012527000-7ff012528000 ---p 00000000 00:00 0 
7ff012528000-7ff012628000 rwxp 00000000 00:00 0 
7ff012628000-7ff012629000 ---p 00000000 00:00 0 
7ff012629000-7ff012734000 rwxp 00000000 00:00 0 
7ff012734000-7ff012752000 rwxp 00000000 00:00 0 
7ff012752000-7ff012767000 rwxp 00000000 00:00 0 
7ff012767000-7ff01289d000 rwxp 00000000 00:00 0 
7ff01289d000-7ff0128a8000 rwxp 00000000 00:00 0 
7ff0128a8000-7ff0128c6000 rwxp 00000000 00:00 0 
7ff0128c6000-7ff0128db000 rwxp 00000000 00:00 0 
7ff0128db000-7ff012a10000 rwxp 00000000 00:00 0 
7ff012a10000-7ff012a1b000 rwxp 00000000 00:00 0 
7ff012a1b000-7ff012ab6000 rwxp 00000000 00:00 0 
7ff012ab6000-7ff012d27000 rwxp 00000000 00:00 0 
7ff012d27000-7ff015ab7000 rwxp 00000000 00:00 0 
7ff015ab7000-7ff015ac5000 r-xp 00000000 08:05 917121                     /opt/java/jre/lib/amd64/libzip.so
7ff015ac5000-7ff015bc7000 ---p 0000e000 08:05 917121                     /opt/java/jre/lib/amd64/libzip.so
7ff015bc7000-7ff015bca000 rwxp 00010000 08:05 917121                     /opt/java/jre/lib/amd64/libzip.so
7ff015bca000-7ff015bcb000 rwxp 00000000 00:00 0 
7ff015bcb000-7ff015bd7000 r-xp 00000000 08:05 522244                     /lib/libnss_files-2.14.so
7ff015bd7000-7ff015dd6000 ---p 0000c000 08:05 522244                     /lib/libnss_files-2.14.so
7ff015dd6000-7ff015dd7000 r-xp 0000b000 08:05 522244                     /lib/libnss_files-2.14.so
7ff015dd7000-7ff015dd8000 rwxp 0000c000 08:05 522244                     /lib/libnss_files-2.14.so
7ff015dd8000-7ff015ded000 r-xp 00000000 08:05 537086                     /lib/libnsl-2.14.so
7ff015ded000-7ff015fec000 ---p 00015000 08:05 537086                     /lib/libnsl-2.14.so
7ff015fec000-7ff015fed000 r-xp 00014000 08:05 537086                     /lib/libnsl-2.14.so
7ff015fed000-7ff015fee000 rwxp 00015000 08:05 537086                     /lib/libnsl-2.14.so
7ff015fee000-7ff015ff0000 rwxp 00000000 00:00 0 
7ff015ff0000-7ff016019000 r-xp 00000000 08:05 917130                     /opt/java/jre/lib/amd64/libjava.so
7ff016019000-7ff016118000 ---p 00029000 08:05 917130                     /opt/java/jre/lib/amd64/libjava.so
7ff016118000-7ff01611f000 rwxp 00028000 08:05 917130                     /opt/java/jre/lib/amd64/libjava.so
7ff01611f000-7ff01612c000 r-xp 00000000 08:05 917116                     /opt/java/jre/lib/amd64/libverify.so
7ff01612c000-7ff01622b000 ---p 0000d000 08:05 917116                     /opt/java/jre/lib/amd64/libverify.so
7ff01622b000-7ff01622e000 rwxp 0000c000 08:05 917116                     /opt/java/jre/lib/amd64/libverify.so
7ff01622e000-7ff016235000 r-xp 00000000 08:05 537089                     /lib/librt-2.14.so
7ff016235000-7ff016434000 ---p 00007000 08:05 537089                     /lib/librt-2.14.so
7ff016434000-7ff016435000 r-xp 00006000 08:05 537089                     /lib/librt-2.14.so
7ff016435000-7ff016436000 rwxp 00007000 08:05 537089                     /lib/librt-2.14.so
7ff016436000-7ff016439000 ---p 00000000 00:00 0 
7ff016439000-7ff016537000 rwxp 00000000 00:00 0 
7ff016537000-7ff0165b8000 r-xp 00000000 08:05 522282                     /lib/libm-2.14.so
7ff0165b8000-7ff0167b7000 ---p 00081000 08:05 522282                     /lib/libm-2.14.so
7ff0167b7000-7ff0167b8000 r-xp 00080000 08:05 522282                     /lib/libm-2.14.so
7ff0167b8000-7ff0167b9000 rwxp 00081000 08:05 522282                     /lib/libm-2.14.so
7ff0167b9000-7ff0170d3000 r-xp 00000000 08:05 917151                     /opt/java/jre/lib/amd64/server/libjvm.so
7ff0170d3000-7ff0171d5000 ---p 0091a000 08:05 917151                     /opt/java/jre/lib/amd64/server/libjvm.so
7ff0171d5000-7ff01738a000 rwxp 0091c000 08:05 917151                     /opt/java/jre/lib/amd64/server/libjvm.so
7ff01738a000-7ff0173c4000 rwxp 00000000 00:00 0 
7ff0173c4000-7ff01751b000 r-xp 00000000 08:05 522279                     /lib/libc-2.14.so
7ff01751b000-7ff01771b000 ---p 00157000 08:05 522279                     /lib/libc-2.14.so
7ff01771b000-7ff01771f000 r-xp 00157000 08:05 522279                     /lib/libc-2.14.so
7ff01771f000-7ff017720000 rwxp 0015b000 08:05 522279                     /lib/libc-2.14.so
7ff017720000-7ff017725000 rwxp 00000000 00:00 0 
7ff017725000-7ff017727000 r-xp 00000000 08:05 522539                     /lib/libdl-2.14.so
7ff017727000-7ff017927000 ---p 00002000 08:05 522539                     /lib/libdl-2.14.so
7ff017927000-7ff017928000 r-xp 00002000 08:05 522539                     /lib/libdl-2.14.so
7ff017928000-7ff017929000 rwxp 00003000 08:05 522539                     /lib/libdl-2.14.so
7ff017929000-7ff017940000 r-xp 00000000 08:05 522246                     /lib/libpthread-2.14.so
7ff017940000-7ff017b40000 ---p 00017000 08:05 522246                     /lib/libpthread-2.14.so
7ff017b40000-7ff017b41000 r-xp 00017000 08:05 522246                     /lib/libpthread-2.14.so
7ff017b41000-7ff017b42000 rwxp 00018000 08:05 522246                     /lib/libpthread-2.14.so
7ff017b42000-7ff017b46000 rwxp 00000000 00:00 0 
7ff017b46000-7ff017b65000 r-xp 00000000 08:05 522389                     /lib/ld-2.14.so
7ff017b67000-7ff017b71000 rwxp 00000000 00:00 0 
7ff017b71000-7ff017c27000 rwxp 00000000 00:00 0 
7ff017c27000-7ff017c2a000 rwxp 00000000 00:00 0 
7ff017c2a000-7ff017c31000 r-xp 00000000 08:05 917155                     /opt/java/jre/lib/amd64/jli/libjli.so
7ff017c31000-7ff017d32000 ---p 00007000 08:05 917155                     /opt/java/jre/lib/amd64/jli/libjli.so
7ff017d32000-7ff017d34000 rwxp 00008000 08:05 917155                     /opt/java/jre/lib/amd64/jli/libjli.so
7ff017d34000-7ff017d35000 rwxp 00000000 00:00 0 
7ff017d59000-7ff017d61000 rwxs 00000000 08:05 653004                     /tmp/hsperfdata_mhh91/4401
7ff017d61000-7ff017d62000 rwxp 00000000 00:00 0 
7ff017d62000-7ff017d63000 r-xp 00000000 00:00 0 
7ff017d63000-7ff017d64000 rwxp 00000000 00:00 0 
7ff017d64000-7ff017d65000 r-xp 0001e000 08:05 522389                     /lib/ld-2.14.so
7ff017d65000-7ff017d66000 rwxp 0001f000 08:05 522389                     /lib/ld-2.14.so
7ff017d66000-7ff017d67000 rwxp 00000000 00:00 0 
7fff31540000-7fff31561000 rwxp 00000000 00:00 0                          [stack]
7fff315ff000-7fff31600000 r-xp 00000000 00:00 0                          [vdso]
ffffffffff600000-ffffffffff601000 r-xp 00000000 00:00 0                  [vsyscall]

VM Arguments:
jvm_args: -Dfile.encoding=UTF-8 
java_command: test.VLC
Launcher Type: SUN_STANDARD

Environment Variables:
JAVA_HOME=/opt/java
PATH=/usr/local/bin:/usr/bin:/bin:/usr/local/sbin:/usr/sbin:/sbin:/usr/share/java/apache-ant/bin:/opt/java/bin:/opt/java/db/bin:/opt/java/jre/bin:/opt/maven/bin:/usr/bin/vendor_perl:/usr/bin/core_perl
LD_LIBRARY_PATH=/opt/java/jre/lib/amd64/server:/opt/java/jre/lib/amd64:/opt/java/jre/../lib/amd64
SHELL=/bin/bash
DISPLAY=:0

Signal Handlers:
SIGSEGV: [libjvm.so+0x85f800], sa_mask[0]=0x7ffbfeff, sa_flags=0x10000004
SIGBUS: [libjvm.so+0x85f800], sa_mask[0]=0x7ffbfeff, sa_flags=0x10000004
SIGFPE: [libjvm.so+0x70e300], sa_mask[0]=0x7ffbfeff, sa_flags=0x10000004
SIGPIPE: [libjvm.so+0x70e300], sa_mask[0]=0x7ffbfeff, sa_flags=0x10000004
SIGXFSZ: [libjvm.so+0x70e300], sa_mask[0]=0x7ffbfeff, sa_flags=0x10000004
SIGILL: [libjvm.so+0x70e300], sa_mask[0]=0x7ffbfeff, sa_flags=0x10000004
SIGUSR1: SIG_DFL, sa_mask[0]=0x00000000, sa_flags=0x00000000
SIGUSR2: [libjvm.so+0x711110], sa_mask[0]=0x00000004, sa_flags=0x10000004
SIGHUP: [libjvm.so+0x710d10], sa_mask[0]=0x7ffbfeff, sa_flags=0x10000004
SIGINT: SIG_IGN, sa_mask[0]=0x00000000, sa_flags=0x00000000
SIGTERM: [libjvm.so+0x710d10], sa_mask[0]=0x7ffbfeff, sa_flags=0x10000004
SIGQUIT: [libjvm.so+0x710d10], sa_mask[0]=0x7ffbfeff, sa_flags=0x10000004


---------------  S Y S T E M  ---------------

OS:Linux
uname:Linux 2.6.39-ARCH #1 SMP PREEMPT Mon Jun 27 21:26:22 CEST 2011 x86_64
libc:glibc 2.14 NPTL 2.14 
rlimit: STACK 8192k, CORE 0k, NPROC 31170, NOFILE 1024, AS infinity
load average:0.36 0.20 0.16

/proc/meminfo:
MemTotal:        4059092 kB
MemFree:         1618728 kB
Buffers:          104868 kB
Cached:           781136 kB
SwapCached:            0 kB
Active:          1596496 kB
Inactive:         610500 kB
Active(anon):    1319752 kB
Inactive(anon):     8984 kB
Active(file):     276744 kB
Inactive(file):   601516 kB
Unevictable:           0 kB
Mlocked:               0 kB
SwapTotal:       1196804 kB
SwapFree:        1196804 kB
Dirty:               276 kB
Writeback:             0 kB
AnonPages:       1310904 kB
Mapped:           183116 kB
Shmem:              7616 kB
Slab:             119732 kB
SReclaimable:      97892 kB
SUnreclaim:        21840 kB
KernelStack:        3104 kB
PageTables:        34672 kB
NFS_Unstable:          0 kB
Bounce:                0 kB
WritebackTmp:          0 kB
CommitLimit:     3226348 kB
Committed_AS:    2891612 kB
VmallocTotal:   34359738367 kB
VmallocUsed:      290756 kB
VmallocChunk:   34359439336 kB
HardwareCorrupted:     0 kB
AnonHugePages:    733184 kB
HugePages_Total:       0
HugePages_Free:        0
HugePages_Rsvd:        0
HugePages_Surp:        0
Hugepagesize:       2048 kB
DirectMap4k:        9088 kB
DirectMap2M:     2086912 kB
DirectMap1G:     2097152 kB


CPU:total 3 (3 cores per cpu, 1 threads per core) family 16 model 4 stepping 2, cmov, cx8, fxsr, mmx, sse, sse2, sse3, popcnt, mmxext, 3dnow, 3dnowext, lzcnt, sse4a

/proc/cpuinfo:
processor	: 0
vendor_id	: AuthenticAMD
cpu family	: 16
model		: 4
model name	: AMD Phenom(tm) II X3 720 Processor
stepping	: 2
cpu MHz		: 2813.177
cache size	: 512 KB
physical id	: 0
siblings	: 3
core id		: 0
cpu cores	: 3
apicid		: 0
initial apicid	: 0
fpu		: yes
fpu_exception	: yes
cpuid level	: 5
wp		: yes
flags		: fpu vme de pse tsc msr pae mce cx8 apic sep mtrr pge mca cmov pat pse36 clflush mmx fxsr sse sse2 ht syscall nx mmxext fxsr_opt pdpe1gb rdtscp lm 3dnowext 3dnow constant_tsc rep_good nopl nonstop_tsc extd_apicid pni monitor cx16 popcnt lahf_lm cmp_legacy svm extapic cr8_legacy abm sse4a misalignsse 3dnowprefetch osvw ibs skinit wdt npt lbrv svm_lock nrip_save
bogomips	: 5628.78
TLB size	: 1024 4K pages
clflush size	: 64
cache_alignment	: 64
address sizes	: 48 bits physical, 48 bits virtual
power management: ts ttp tm stc 100mhzsteps hwpstate

processor	: 1
vendor_id	: AuthenticAMD
cpu family	: 16
model		: 4
model name	: AMD Phenom(tm) II X3 720 Processor
stepping	: 2
cpu MHz		: 2813.177
cache size	: 512 KB
physical id	: 0
siblings	: 3
core id		: 1
cpu cores	: 3
apicid		: 1
initial apicid	: 1
fpu		: yes
fpu_exception	: yes
cpuid level	: 5
wp		: yes
flags		: fpu vme de pse tsc msr pae mce cx8 apic sep mtrr pge mca cmov pat pse36 clflush mmx fxsr sse sse2 ht syscall nx mmxext fxsr_opt pdpe1gb rdtscp lm 3dnowext 3dnow constant_tsc rep_good nopl nonstop_tsc extd_apicid pni monitor cx16 popcnt lahf_lm cmp_legacy svm extapic cr8_legacy abm sse4a misalignsse 3dnowprefetch osvw ibs skinit wdt npt lbrv svm_lock nrip_save
bogomips	: 5627.97
TLB size	: 1024 4K pages
clflush size	: 64
cache_alignment	: 64
address sizes	: 48 bits physical, 48 bits virtual
power management: ts ttp tm stc 100mhzsteps hwpstate

processor	: 2
vendor_id	: AuthenticAMD
cpu family	: 16
model		: 4
model name	: AMD Phenom(tm) II X3 720 Processor
stepping	: 2
cpu MHz		: 2813.177
cache size	: 512 KB
physical id	: 0
siblings	: 3
core id		: 2
cpu cores	: 3
apicid		: 2
initial apicid	: 2
fpu		: yes
fpu_exception	: yes
cpuid level	: 5
wp		: yes
flags		: fpu vme de pse tsc msr pae mce cx8 apic sep mtrr pge mca cmov pat pse36 clflush mmx fxsr sse sse2 ht syscall nx mmxext fxsr_opt pdpe1gb rdtscp lm 3dnowext 3dnow constant_tsc rep_good nopl nonstop_tsc extd_apicid pni monitor cx16 popcnt lahf_lm cmp_legacy svm extapic cr8_legacy abm sse4a misalignsse 3dnowprefetch osvw ibs skinit wdt npt lbrv svm_lock nrip_save
bogomips	: 5627.97
TLB size	: 1024 4K pages
clflush size	: 64
cache_alignment	: 64
address sizes	: 48 bits physical, 48 bits virtual
power management: ts ttp tm stc 100mhzsteps hwpstate



Memory: 4k page, physical 4059092k(1618728k free), swap 1196804k(1196804k free)

vm_info: Java HotSpot(TM) 64-Bit Server VM (20.1-b02) for linux-amd64 JRE (1.6.0_26-b03), built on May  4 2011 01:13:47 by "java_re" with gcc 3.2.2 (SuSE Linux)

time: Wed Jul  6 04:56:34 2011
elapsed time: 0 seconds

